<?xml version="1.0" encoding="UTF-8"?>
<!-- Generated by org.testng.reporters.JUnitXMLReporter -->
<testsuite ignored="0" hostname="Samuels-MacBook-Pro.local" failures="0" tests="2" name="opencartTest(failed)" time="26.427" errors="0" timestamp="2023-06-12T19:42:09 WAT">
  <testcase classname="testCases.TC_003_LoginDataDrivenTest" name="test_logindatadriven" time="10.456"/>
  <testcase classname="testCases.TC_003_LoginDataDrivenTest" name="test_logindatadriven" time="10.331"/>
</testsuite> <!-- opencartTest(failed) -->
