<?xml version="1.0" encoding="UTF-8"?>
<testng-results ignored="0" total="1" passed="1" failed="0" skipped="0">
  <reporter-output>
  </reporter-output>
  <suite started-at="2023-06-15T18:38:30 WAT" name="opencartSuite" finished-at="2023-06-15T18:38:49 WAT" duration-ms="19560">
    <groups>
    </groups>
    <test started-at="2023-06-15T18:38:30 WAT" name="opencartTest" finished-at="2023-06-15T18:38:49 WAT" duration-ms="19560">
      <class name="testCases.TC_004_Search">
        <test-method is-config="true" signature="setUp(java.lang.String)[pri:0, instance:testCases.TC_004_Search@433d61fb]" started-at="2023-06-15T18:38:30 WAT" name="setUp" finished-at="2023-06-15T18:38:33 WAT" duration-ms="3427" status="PASS">
          <params>
            <param index="0">
              <value>
                <![CDATA[chrome]]>
              </value>
            </param>
          </params>
          <reporter-output>
          </reporter-output>
        </test-method> <!-- setUp -->
        <test-method signature="testSearchProduct()[pri:0, instance:testCases.TC_004_Search@433d61fb]" started-at="2023-06-15T18:38:33 WAT" name="testSearchProduct" finished-at="2023-06-15T18:38:49 WAT" duration-ms="15914" status="PASS">
          <reporter-output>
          </reporter-output>
        </test-method> <!-- testSearchProduct -->
        <test-method is-config="true" signature="tearDown()[pri:0, instance:testCases.TC_004_Search@433d61fb]" started-at="2023-06-15T18:38:49 WAT" name="tearDown" finished-at="2023-06-15T18:38:49 WAT" duration-ms="111" status="PASS">
          <reporter-output>
          </reporter-output>
        </test-method> <!-- tearDown -->
      </class> <!-- testCases.TC_004_Search -->
    </test> <!-- opencartTest -->
  </suite> <!-- opencartSuite -->
</testng-results>
